
[December 4, 2019, 3:03 pm by Firefox]
Mozilla/5.0 (X11; Ubuntu; Linux x86_64; rv:69.0) Gecko/20100101 Firefox/69.0
<pre>Array
(
    [http] => Array
        (
            [header] => Content-type: application/x-www-form-urlencoded

            [method] => GET
            [content] => myval=25
        )

)
</pre><pre>http://localhost:8080/accueil/var10/val10</pre>

[December 4, 2019, 3:04 pm by Firefox]
Mozilla/5.0 (X11; Ubuntu; Linux x86_64; rv:69.0) Gecko/20100101 Firefox/69.0
<pre>Array
(
    [http] => Array
        (
            [header] => Content-type: application/x-www-form-urlencoded

            [method] => POST
            [content] => myval=25
        )

)
</pre><pre>http://localhost:8080/accueil/var10/val10</pre>

[December 4, 2019, 3:05 pm by Firefox]
Mozilla/5.0 (X11; Ubuntu; Linux x86_64; rv:69.0) Gecko/20100101 Firefox/69.0
<pre>Array
(
    [http] => Array
        (
            [header] => Content-type: application/x-www-form-urlencoded

            [method] => PUT
            [content] => myval=25
        )

)
</pre><pre>http://localhost:8080/accueil/var10/val10</pre>

[December 4, 2019, 3:06 pm by Firefox]
Mozilla/5.0 (X11; Ubuntu; Linux x86_64; rv:69.0) Gecko/20100101 Firefox/69.0
<pre>Array
(
    [http] => Array
        (
            [header] => Content-type: application/x-www-form-urlencoded

            [method] => DELETE
            [content] => myval=25
        )

)
</pre><pre>http://localhost:8080/accueil/var10/val10</pre>

[December 4, 2019, 3:07 pm by Other (Unknown)]

<pre>Array
(
    [http] => Array
        (
            [header] => Content-type: application/x-www-form-urlencoded

            [method] => PUT
            [content] => myval=25
        )

)
</pre><pre>http://localhost:8080/accueil/var10/val10</pre>