

[December 4, 2019, 3:08 pm by Other (Unknown)]

curl -i -X PUT -H 'Content-Type: application/json' -d '{"myval":25}' http://localhost:8080/accueil/var10/val10

[December 4, 2019, 3:08 pm by Other (Unknown)]

curl -i -X PUT -H 'Content-Type: application/json' -d '{"myval":25}' http://localhost:8080/accueil/var10/val10

[December 4, 2019, 3:08 pm by Other (Unknown)]

curl -i -X PUT -H 'Content-Type: application/json' -d '{"myval":25}' http://localhost:8080/accueil/var10/val10

[December 4, 2019, 3:08 pm by Other (Unknown)]

curl -i -X PUT -H 'Content-Type: application/json' -d '{"myval":25}' http://localhost:8080/accueil/var10/val10

[December 4, 2019, 3:11 pm by Firefox]
Mozilla/5.0 (X11; Ubuntu; Linux x86_64; rv:69.0) Gecko/20100101 Firefox/69.0
curl -i -X PUT -H 'Content-Type: application/json' -d '{"myval":25}' http://localhost:8080/accueil/var10/val10

[December 4, 2019, 3:15 pm by Firefox]
Mozilla/5.0 (X11; Ubuntu; Linux x86_64; rv:69.0) Gecko/20100101 Firefox/69.0
curl -i -X PUT -H 'Content-Type: application/json' -d '{"myval":25}' http://localhost:8080/accueil/var10/val10

[December 4, 2019, 11:40 pm by Firefox]
Mozilla/5.0 (X11; Ubuntu; Linux x86_64; rv:69.0) Gecko/20100101 Firefox/69.0
curl -i -X PUT -H 'Content-Type: application/json' -d '{"myval":25}' http://localhost:8181/accueil/var10/val10

[December 4, 2019, 11:50 pm by Firefox]
Mozilla/5.0 (X11; Ubuntu; Linux x86_64; rv:69.0) Gecko/20100101 Firefox/69.0
curl -i -X PUT -H 'Content-Type: application/json' -d '{"myval":25}' http://localhost:8080/accueil/var10/val10

[December 5, 2019, 12:00 am by Firefox]
Mozilla/5.0 (X11; Ubuntu; Linux x86_64; rv:69.0) Gecko/20100101 Firefox/69.0
curl -i -X PUT -H 'Content-Type: application/json' -d '{"myval":25}' http://localhost:8080/accueil/var10/val10

[December 5, 2019, 12:33 am by Firefox]
Mozilla/5.0 (X11; Ubuntu; Linux x86_64; rv:69.0) Gecko/20100101 Firefox/69.0
curl -i -X PUT -H 'Content-Type: application/json' -d '{"myval":25}' http://localhost:8181/accueil/var10/val10

[December 5, 2019, 12:35 am by Firefox]
Mozilla/5.0 (X11; Ubuntu; Linux x86_64; rv:69.0) Gecko/20100101 Firefox/69.0
curl -i -X PUT -H 'Content-Type: application/json' -d '{"myval":25}' http://localhost:8181/accueil/var10/val10

[December 5, 2019, 12:41 am by Firefox]
Mozilla/5.0 (X11; Ubuntu; Linux x86_64; rv:69.0) Gecko/20100101 Firefox/69.0
curl -i -X PUT -H 'Content-Type: application/json' -d '{"myval":25}' http://localhost:8080/accueil/var10/val10

[December 5, 2019, 1:45 pm by Firefox]
Mozilla/5.0 (X11; Ubuntu; Linux x86_64; rv:69.0) Gecko/20100101 Firefox/69.0
curl -i -X PUT -H 'Content-Type: application/json' -d '{"myval":25}' http://localhost:8080/accueil/var10/val10

[December 5, 2019, 1:50 pm by Firefox]
Mozilla/5.0 (X11; Ubuntu; Linux x86_64; rv:69.0) Gecko/20100101 Firefox/69.0
curl -i -X PUT -H 'Content-Type: application/json' -d '{"myval":25}' http://localhost:8080/accueil/var10/val10

[December 5, 2019, 1:52 pm by Firefox]
Mozilla/5.0 (X11; Ubuntu; Linux x86_64; rv:69.0) Gecko/20100101 Firefox/69.0
curl -i -X PUT -H 'Content-Type: application/json' -d '{"myval":25}' http://localhost:8080/accueil/var10/val10

[December 5, 2019, 1:53 pm by Firefox]
Mozilla/5.0 (X11; Ubuntu; Linux x86_64; rv:69.0) Gecko/20100101 Firefox/69.0
curl -i -X PUT -H 'Content-Type: application/json' -d '{"myval":25}' http://localhost:8080/accueil/var10/val10

[December 5, 2019, 1:54 pm by Firefox]
Mozilla/5.0 (X11; Ubuntu; Linux x86_64; rv:69.0) Gecko/20100101 Firefox/69.0
curl -i -X PUT -H 'Content-Type: application/json' -d '{"myval":25}' http://localhost:8080/accueil/var10/val10

[December 5, 2019, 1:56 pm by Firefox]
Mozilla/5.0 (X11; Ubuntu; Linux x86_64; rv:69.0) Gecko/20100101 Firefox/69.0
curl -i -X PUT -H 'Content-Type: application/json' -d '{"myval":25}' http://localhost:8080/accueil/var10/val10